\BOOKMARK [0][-]{chapter*.2}{\376\377\000A\000b\000s\000t\000r\000a\000c\000t}{}% 1
\BOOKMARK [0][-]{chapter*.3}{\376\377\000K\000u\000r\000z\000f\000a\000s\000s\000u\000n\000g}{}% 2
\BOOKMARK [0][-]{section*.4}{\376\377\000A\000c\000r\000o\000n\000y\000m\000s}{}% 3
\BOOKMARK [0][-]{chapter.1}{\376\377\000I\000n\000t\000r\000o\000d\000u\000c\000t\000i\000o\000n}{}% 4
\BOOKMARK [1][-]{section.1.1}{\376\377\000M\000a\000c\000h\000i\000n\000e\000\040\000L\000e\000a\000r\000n\000i\000n\000g\000\040\000i\000n\000\040\000d\000r\000u\000g\000\040\000d\000e\000s\000i\000g\000n\000\040\000a\000n\000d\000\040\000a\000c\000t\000i\000v\000i\000t\000y\000\040\000p\000r\000e\000d\000i\000c\000t\000i\000o\000n}{chapter.1}% 5
\BOOKMARK [1][-]{section.1.2}{\376\377\000G\000o\000a\000l\000s}{chapter.1}% 6
\BOOKMARK [0][-]{chapter.2}{\376\377\000M\000e\000t\000h\000o\000d\000s}{}% 7
\BOOKMARK [1][-]{section.2.1}{\376\377\000D\000a\000t\000a\000\040\000d\000e\000s\000c\000r\000i\000p\000t\000i\000o\000n}{chapter.2}% 8
\BOOKMARK [2][-]{subsection.2.1.1}{\376\377\000P\000r\000o\000t\000e\000i\000n\000s}{section.2.1}% 9
\BOOKMARK [2][-]{subsection.2.1.2}{\376\377\000I\000n\000t\000e\000r\000a\000c\000t\000i\000o\000n\000s}{section.2.1}% 10
\BOOKMARK [2][-]{subsection.2.1.3}{\376\377\000D\000a\000t\000a\000\040\000o\000r\000i\000g\000i\000n\000\040\000a\000n\000d\000\040\000s\000t\000r\000u\000c\000t\000u\000r\000e}{section.2.1}% 11
\BOOKMARK [1][-]{section.2.2}{\376\377\000D\000a\000t\000a\000\040\000p\000a\000r\000t\000i\000t\000i\000o\000n\000i\000n\000g}{chapter.2}% 12
\BOOKMARK [1][-]{section.2.3}{\376\377\000M\000a\000c\000h\000i\000n\000e\000-\000L\000e\000a\000r\000n\000i\000n\000g\000\040\000a\000p\000p\000r\000o\000a\000c\000h\000e\000s}{chapter.2}% 13
\BOOKMARK [2][-]{subsection.2.3.1}{\376\377\000K\000\040\000n\000e\000a\000r\000e\000s\000t\000\040\000n\000e\000i\000g\000h\000b\000o\000r}{section.2.3}% 14
\BOOKMARK [2][-]{subsection.2.3.2}{\376\377\000R\000a\000n\000d\000o\000m\000\040\000f\000o\000r\000e\000s\000t}{section.2.3}% 15
\BOOKMARK [2][-]{subsection.2.3.3}{\376\377\000N\000e\000u\000r\000a\000l\000\040\000n\000e\000t\000w\000o\000r\000k\000s}{section.2.3}% 16
\BOOKMARK [1][-]{section.2.4}{\376\377\000F\000e\000a\000t\000u\000r\000e\000\040\000e\000n\000g\000i\000n\000e\000e\000r\000i\000n\000g}{chapter.2}% 17
\BOOKMARK [2][-]{subsection.2.4.1}{\376\377\000F\000e\000a\000t\000u\000r\000e\000\040\000e\000n\000g\000i\000n\000e\000e\000r\000i\000n\000g\000\040\000u\000s\000i\000n\000g\000\040\000r\000a\000n\000d\000o\000m\000\040\000f\000o\000r\000e\000s\000t}{section.2.4}% 18
\BOOKMARK [2][-]{subsection.2.4.2}{\376\377\000P\000h\000y\000s\000i\000c\000a\000l\000\040\000p\000r\000o\000p\000e\000r\000t\000i\000e\000s}{section.2.4}% 19
\BOOKMARK [2][-]{subsection.2.4.3}{\376\377\000*\000[\000]\000p\000c\000a}{section.2.4}% 20
\BOOKMARK [2][-]{subsection.2.4.4}{\376\377\000B\000a\000l\000a\000n\000c\000i\000n\000g\000\040\000c\000l\000a\000s\000s\000e\000s}{section.2.4}% 21
\BOOKMARK [1][-]{section.2.5}{\376\377\000Q\000u\000a\000l\000i\000t\000y\000\040\000m\000e\000t\000r\000i\000c\000s}{chapter.2}% 22
\BOOKMARK [2][-]{subsection.2.5.1}{\376\377\000T\000e\000r\000m\000i\000n\000o\000l\000o\000g\000y}{section.2.5}% 23
\BOOKMARK [2][-]{subsection.2.5.2}{\376\377\000V\000i\000s\000u\000a\000l\000\040\000m\000e\000t\000r\000i\000c\000s}{section.2.5}% 24
\BOOKMARK [2][-]{subsection.2.5.3}{\376\377\000A\000c\000c\000u\000r\000a\000c\000y}{section.2.5}% 25
\BOOKMARK [2][-]{subsection.2.5.4}{\376\377\000F\000a\000l\000s\000e\000\040\000p\000o\000s\000i\000t\000i\000v\000e\000\040\000R\000a\000t\000e}{section.2.5}% 26
\BOOKMARK [2][-]{subsection.2.5.5}{\376\377\000A\000r\000e\000a\000\040\000u\000n\000d\000e\000r\000\040\000t\000h\000e\000\040\000c\000u\000r\000v\000e}{section.2.5}% 27
\BOOKMARK [2][-]{subsection.2.5.6}{\376\377\000Y\000i\000e\000l\000d\000\040\000o\000f\000\040\000A\000c\000t\000i\000v\000e\000s}{section.2.5}% 28
\BOOKMARK [2][-]{subsection.2.5.7}{\376\377\000E\000n\000r\000i\000c\000h\000m\000e\000n\000t\000\040\000F\000a\000c\000t\000o\000r}{section.2.5}% 29
\BOOKMARK [2][-]{subsection.2.5.8}{\376\377\000R\000e\000l\000a\000t\000i\000v\000e\000\040\000E\000n\000r\000i\000c\000h\000m\000e\000n\000t\000\040\000F\000a\000c\000t\000o\000r}{section.2.5}% 30
\BOOKMARK [0][-]{chapter.3}{\376\377\000R\000e\000s\000u\000l\000t\000s}{}% 31
\BOOKMARK [1][-]{section.3.1}{\376\377\000F\000e\000a\000t\000u\000r\000e\000\040\000E\000n\000g\000i\000n\000e\000e\000r\000i\000n\000g\000\040\000R\000e\000s\000u\000l\000t\000s\000\040\000f\000o\000r\000\040\000*\000[\000]\000a\000c\000h\000e}{chapter.3}% 32
\BOOKMARK [1][-]{section.3.2}{\376\377\000P\000e\000r\000f\000o\000r\000m\000a\000n\000c\000e\000\040\000p\000e\000r\000\040\000P\000r\000o\000t\000e\000i\000n\000-\000C\000o\000m\000p\000l\000e\000x}{chapter.3}% 33
\BOOKMARK [2][-]{subsection.3.2.1}{\376\377\000A\000c\000e\000t\000y\000l\000c\000h\000o\000l\000i\000n\000e\000s\000t\000e\000r\000a\000s\000e}{section.3.2}% 34
\BOOKMARK [2][-]{subsection.3.2.2}{\376\377\000C\000y\000c\000l\000o\000o\000x\000y\000g\000e\000n\000a\000s\000e\000\040\0001}{section.3.2}% 35
\BOOKMARK [2][-]{subsection.3.2.3}{\376\377\000D\000i\000p\000e\000p\000t\000i\000d\000y\000l\000\040\000p\000e\000p\000t\000i\000d\000a\000s\000e\000\040\000I\000V}{section.3.2}% 36
\BOOKMARK [2][-]{subsection.3.2.4}{\376\377\000M\000o\000n\000o\000a\000m\000i\000n\000e\000\040\000o\000x\000i\000d\000a\000s\000e\000\040\000B}{section.3.2}% 37
\BOOKMARK [2][-]{subsection.3.2.5}{\376\377\000S\000o\000l\000u\000b\000l\000e\000\040\000e\000p\000o\000x\000i\000d\000e\000\040\000h\000y\000d\000r\000o\000l\000a\000s\000e}{section.3.2}% 38
\BOOKMARK [1][-]{section.3.3}{\376\377\000P\000e\000r\000f\000o\000r\000m\000a\000n\000c\000e\000\040\000O\000v\000e\000r\000v\000i\000e\000w\000\040\040\023\000\040\000C\000o\000m\000p\000a\000r\000i\000n\000g\000\040\000M\000L\000-\000a\000p\000p\000r\000o\000a\000c\000h\000e\000s}{chapter.3}% 39
\BOOKMARK [0][-]{chapter.4}{\376\377\000D\000i\000s\000c\000u\000s\000s\000i\000o\000n}{}% 40
\BOOKMARK [1][-]{section.4.1}{}{chapter.4}% 41
\BOOKMARK [2][-]{subsection.4.1.1}{}{section.4.1}% 42
\BOOKMARK [2][-]{subsection.4.1.2}{}{section.4.1}% 43
\BOOKMARK [2][-]{subsection.4.1.3}{}{section.4.1}% 44
\BOOKMARK [2][-]{subsection.4.1.4}{}{section.4.1}% 45
\BOOKMARK [2][-]{subsection.4.1.5}{}{section.4.1}% 46
\BOOKMARK [1][-]{section.4.2}{\376\377\000I\000m\000p\000r\000o\000v\000e\000m\000e\000n\000t\000s\000\040\000a\000n\000d\000\040\000o\000u\000t\000l\000o\000o\000k}{chapter.4}% 47
\BOOKMARK [0][-]{chapter.5}{\376\377\000C\000o\000n\000c\000l\000u\000s\000i\000o\000n}{}% 48
\BOOKMARK [0][-]{appendix*.49}{\376\377\000R\000e\000f\000e\000r\000e\000n\000c\000e\000s}{}% 49
\BOOKMARK [1][-]{section*.50}{\376\377\000L\000i\000t\000e\000r\000a\000t\000u\000r\000e}{appendix*.49}% 50
